0 info it worked if it ends with ok
1 verbose cli [ '/usr/local/Cellar/node/5.5.0/bin/node',
1 verbose cli   '/Users/ryan/.npm-packages/bin/npm',
1 verbose cli   'start' ]
2 info using npm@3.7.3
3 info using node@v5.5.0
4 verbose run-script [ 'prestart', 'start', 'poststart' ]
5 info lifecycle compokemon-go@0.0.1~prestart: compokemon-go@0.0.1
6 silly lifecycle compokemon-go@0.0.1~prestart: no script for prestart, continuing
7 info lifecycle compokemon-go@0.0.1~start: compokemon-go@0.0.1
8 verbose lifecycle compokemon-go@0.0.1~start: unsafe-perm in lifecycle true
9 verbose lifecycle compokemon-go@0.0.1~start: PATH: /Users/ryan/.npm-packages/lib/node_modules/npm/bin/node-gyp-bin:/Users/ryan/stripe/compokemon-go/node_modules/.bin:/usr/local/Cellar/node/5.5.0/bin:/Users/ryan/.npm-packages/bin:/Users/ryan/.node/bin:/Library/Java/JavaVirtualMachines/jdk1.8.0_25.jdk/Contents/Home:/Users/ryan/stripe/pay-server/scripts/bin/:/Users/ryan/bin:/Users/ryan/.rbenv/shims:/Users/ryan/stripe/henson/bin:/Users/ryan/.rbenv/shims:/Users/ryan/.rbenv/bin:/usr/local/bin:/usr/bin:/bin:/usr/sbin:/sbin:/opt/X11/bin:/usr/local/go/bin:/usr/local/MacGPG2/bin:/usr/local/munki:/Users/ryan/stripe/henson/bin:/Users/ryan/stripe/password-vault/bin:/Users/ryan/stripe/space-commander/bin:/Users/ryan/go/bin:/usr/local/cuda/bin
10 verbose lifecycle compokemon-go@0.0.1~start: CWD: /Users/ryan/stripe/compokemon-go
11 silly lifecycle compokemon-go@0.0.1~start: Args: [ '-c', 'node ./scripts/start.js' ]
12 silly lifecycle compokemon-go@0.0.1~start: Returned: code: 1  signal: null
13 info lifecycle compokemon-go@0.0.1~start: Failed to exec start script
14 verbose stack Error: compokemon-go@0.0.1 start: `node ./scripts/start.js`
14 verbose stack Exit status 1
14 verbose stack     at EventEmitter.<anonymous> (/Users/ryan/.npm-packages/lib/node_modules/npm/lib/utils/lifecycle.js:239:16)
14 verbose stack     at emitTwo (events.js:100:13)
14 verbose stack     at EventEmitter.emit (events.js:185:7)
14 verbose stack     at ChildProcess.<anonymous> (/Users/ryan/.npm-packages/lib/node_modules/npm/lib/utils/spawn.js:24:14)
14 verbose stack     at emitTwo (events.js:100:13)
14 verbose stack     at ChildProcess.emit (events.js:185:7)
14 verbose stack     at maybeClose (internal/child_process.js:821:16)
14 verbose stack     at Process.ChildProcess._handle.onexit (internal/child_process.js:211:5)
15 verbose pkgid compokemon-go@0.0.1
16 verbose cwd /Users/ryan/stripe/compokemon-go
17 error Darwin 15.6.0
18 error argv "/usr/local/Cellar/node/5.5.0/bin/node" "/Users/ryan/.npm-packages/bin/npm" "start"
19 error node v5.5.0
20 error npm  v3.7.3
21 error code ELIFECYCLE
22 error compokemon-go@0.0.1 start: `node ./scripts/start.js`
22 error Exit status 1
23 error Failed at the compokemon-go@0.0.1 start script 'node ./scripts/start.js'.
23 error Make sure you have the latest version of node.js and npm installed.
23 error If you do, this is most likely a problem with the compokemon-go package,
23 error not with npm itself.
23 error Tell the author that this fails on your system:
23 error     node ./scripts/start.js
23 error You can get information on how to open an issue for this project with:
23 error     npm bugs compokemon-go
23 error Or if that isn't available, you can get their info via:
23 error     npm owner ls compokemon-go
23 error There is likely additional logging output above.
24 verbose exit [ 1, true ]
